2024-07-24 11:40:30.033 | SUCCESS  | __main__:check_url_status:102 - URL is reachable: http://instagram.com
2024-07-24 11:40:52.955 | SUCCESS  | __main__:check_url_status:102 - URL is reachable: http://facebook.com
2024-07-24 11:40:55.969 | SUCCESS  | __main__:check_url_status:102 - URL is reachable: http://youtube.com
2024-07-24 11:40:59.002 | SUCCESS  | __main__:check_url_status:102 - URL is reachable: http://instagram.com
2024-07-24 11:41:02.068 | SUCCESS  | __main__:check_url_status:102 - URL is reachable: http://olx.ba
2024-07-24 11:41:06.199 | SUCCESS  | __main__:check_url_status:102 - URL is reachable: https://vaktija.ba/
2024-07-24 11:41:36.099 | ERROR    | __main__:check_url_status:113 - An error occurred while checking URL https://asdasda.com: HTTPSConnectionPool(host='asdasda.com', port=443): Max retries exceeded with url: / (Caused by ConnectTimeoutError(<urllib3.connection.HTTPSConnection object at 0x000002596E3E61B0>, 'Connection to asdasda.com timed out. (connect timeout=10)'))
2024-07-24 11:42:02.947 | SUCCESS  | __main__:check_url_status:102 - URL is reachable: https://vaktija.ba/
2024-07-24 12:08:52.531 | SUCCESS  | __main__:check_url_status:102 - URL is reachable: https://vaktija.ba/
2024-07-24 12:09:12.954 | INFO     | __main__:search_and_save_urls_requests:75 - Searching URL: https://www.google.com/search?q=WEST+RAPID+STORAGE+UNITS
2024-07-24 12:09:15.218 | SUCCESS  | __main__:search_and_save_urls_requests:87 - Found URL: https://www.westrapidstorage.com/
2024-07-24 13:52:15.449 | INFO     | __main__:search_and_save_urls_requests:75 - Searching URL: https://www.google.com/search?q=++++WEST+RAPID+STORAGE+UNITS
2024-07-24 13:52:16.770 | SUCCESS  | __main__:search_and_save_urls_requests:87 - Found URL: https://www.westrapidstorage.com/
2024-07-24 13:52:16.771 | INFO     | __main__:search_and_save_urls_requests:75 - Searching URL: https://www.google.com/search?q=++++'MATEO+AVENUE+MINI-STORAGE
2024-07-24 13:52:18.485 | SUCCESS  | __main__:search_and_save_urls_requests:87 - Found URL: https://www.rentcafe.com/storage/ca/south-san-francisco/mateo-avenue-mini-storage-1168-san-mateo-avenue/default.aspx
2024-07-24 13:52:18.486 | INFO     | __main__:search_and_save_urls_requests:75 - Searching URL: https://www.google.com/search?q=++++'SHIELDS+MOUNTAIN+MINI+STORAGE
2024-07-24 13:52:19.884 | SUCCESS  | __main__:search_and_save_urls_requests:87 - Found URL: https://www.facebook.com/ShieldsMtnStorage/
2024-07-24 13:52:19.884 | INFO     | __main__:search_and_save_urls_requests:75 - Searching URL: https://www.google.com/search?q=++++'BERWICK+SELF+STORAGE+AT+560+PORTLAND+ST
2024-07-24 13:52:20.989 | SUCCESS  | __main__:search_and_save_urls_requests:87 - Found URL: https://www.extraspace.com/storage/facilities/us/maine/berwick/7684/
2024-07-24 13:52:20.989 | INFO     | __main__:search_and_save_urls_requests:75 - Searching URL: https://www.google.com/search?q=++++'STORAGE+ZONE+SELF+STORAGE+AND+BUSINESS+CENTERS
2024-07-24 13:52:22.044 | SUCCESS  | __main__:search_and_save_urls_requests:87 - Found URL: https://mystoragezone.com/
2024-07-24 13:52:22.045 | INFO     | __main__:search_and_save_urls_requests:75 - Searching URL: https://www.google.com/search?q=++++'East+Longmeadow+Self+Storage
2024-07-24 13:52:23.259 | SUCCESS  | __main__:search_and_save_urls_requests:87 - Found URL: https://www.eastlongmeadowstorage.com/
2024-07-24 13:52:23.259 | INFO     | __main__:search_and_save_urls_requests:75 - Searching URL: https://www.google.com/search?q=++++'Agate+Road+Mini+Storage+&+Rv
2024-07-24 13:52:24.459 | SUCCESS  | __main__:search_and_save_urls_requests:87 - Found URL: https://www.sentrypark.com/all-locations
2024-07-24 13:52:24.459 | INFO     | __main__:search_and_save_urls_requests:75 - Searching URL: https://www.google.com/search?q=++++'Park+150+Self+Service+Storage
2024-07-24 13:52:25.840 | SUCCESS  | __main__:search_and_save_urls_requests:87 - Found URL: https://www.park150.com/
2024-07-24 13:52:25.848 | INFO     | __main__:search_and_save_urls_requests:75 - Searching URL: https://www.google.com/search?q=++++'STORAGE+WORLD
2024-07-24 13:52:26.860 | SUCCESS  | __main__:search_and_save_urls_requests:87 - Found URL: https://www.hsw.com.au/
2024-07-24 13:52:26.860 | INFO     | __main__:search_and_save_urls_requests:75 - Searching URL: https://www.google.com/search?q=++++'Mountain+Mini+Storage
2024-07-24 13:52:28.202 | SUCCESS  | __main__:search_and_save_urls_requests:87 - Found URL: https://www.mtnministorage.com/
2024-07-24 13:52:28.203 | INFO     | __main__:search_and_save_urls_requests:75 - Searching URL: https://www.google.com/search?q=++++'Lufkin+Climate+Controlled+Storage
2024-07-24 13:52:29.774 | SUCCESS  | __main__:search_and_save_urls_requests:87 - Found URL: https://freedomstoragemanagement.com/locations/tx/lufkin/lufkin-climate-controlled-self-storage/
2024-07-24 13:52:29.775 | INFO     | __main__:search_and_save_urls_requests:75 - Searching URL: https://www.google.com/search?q=++++'PUBLIC+STORAGE
2024-07-24 13:52:30.900 | SUCCESS  | __main__:search_and_save_urls_requests:87 - Found URL: https://www.publicstorage.com/
2024-07-24 13:52:30.901 | INFO     | __main__:search_and_save_urls_requests:75 - Searching URL: https://www.google.com/search?q=++++'Lake+Park+Self+Storage
2024-07-24 13:52:32.097 | SUCCESS  | __main__:search_and_save_urls_requests:87 - Found URL: https://www.lakeparkstorage.com/
2024-07-24 13:52:32.097 | INFO     | __main__:search_and_save_urls_requests:75 - Searching URL: https://www.google.com/search?q=++++'Power+Self+Storage+-+Kuakini
2024-07-24 13:52:33.510 | SUCCESS  | __main__:search_and_save_urls_requests:87 - Found URL: https://www.safkeep.com/self-storage-locations/hawaii/kailua-kona-hi-storage-units/76-6201-walua-road/
2024-07-24 13:52:33.510 | INFO     | __main__:search_and_save_urls_requests:75 - Searching URL: https://www.google.com/search?q=++++'Extra+Space+Storage
2024-07-24 13:52:34.683 | SUCCESS  | __main__:search_and_save_urls_requests:87 - Found URL: https://www.extraspace.com/
2024-07-24 13:52:34.683 | INFO     | __main__:search_and_save_urls_requests:75 - Searching URL: https://www.google.com/search?q=++++'Devon+Self+Storage
2024-07-24 13:52:35.732 | SUCCESS  | __main__:search_and_save_urls_requests:87 - Found URL: https://www.devonselfstorage.com/
2024-07-24 13:52:35.733 | INFO     | __main__:search_and_save_urls_requests:75 - Searching URL: https://www.google.com/search?q=++++'Tmg+Storage+Units
2024-07-24 13:52:36.909 | SUCCESS  | __main__:search_and_save_urls_requests:87 - Found URL: https://www.tmgindustrial.com/collections/storage
2024-07-24 13:52:36.910 | INFO     | __main__:search_and_save_urls_requests:75 - Searching URL: https://www.google.com/search?q=++++'Comstor+Self+Storage++Russells+Point
2024-07-24 13:52:38.401 | SUCCESS  | __main__:search_and_save_urls_requests:87 - Found URL: https://www.communitystorage.com/
2024-07-24 13:52:38.401 | INFO     | __main__:search_and_save_urls_requests:75 - Searching URL: https://www.google.com/search?q=++++'HEIGHTS+SELF+STORAGE
2024-07-24 13:52:39.449 | SUCCESS  | __main__:search_and_save_urls_requests:87 - Found URL: https://www.theheightsselfstorage.com/
2024-07-24 13:52:39.450 | INFO     | __main__:search_and_save_urls_requests:75 - Searching URL: https://www.google.com/search?q=++++'HIGHWAY+63+MINI+STORAGE
2024-07-24 13:52:40.881 | SUCCESS  | __main__:search_and_save_urls_requests:87 - Found URL: https://www.hwy63ministorage.com/
2024-07-24 13:59:34.700 | ERROR    | __main__:check_urls_from_output:120 - The file output.csv does not exist.
2024-07-24 14:00:00.046 | SUCCESS  | __main__:check_url_status:100 - URL is reachable: https://www.westrapidstorage.com/
2024-07-24 14:00:00.242 | WARNING  | __main__:check_url_status:106 - URL returned status code 403: https://www.rentcafe.com/storage/ca/south-san-francisco/mateo-avenue-mini-storage-1168-san-mateo-avenue/default.aspx
2024-07-24 14:00:00.742 | SUCCESS  | __main__:check_url_status:100 - URL is reachable: https://www.facebook.com/ShieldsMtnStorage/
2024-07-24 14:00:01.155 | WARNING  | __main__:check_url_status:106 - URL returned status code 403: https://www.extraspace.com/storage/facilities/us/maine/berwick/7684/
2024-07-24 14:00:01.908 | SUCCESS  | __main__:check_url_status:100 - URL is reachable: https://mystoragezone.com/
2024-07-24 14:00:02.675 | SUCCESS  | __main__:check_url_status:100 - URL is reachable: https://www.eastlongmeadowstorage.com/
2024-07-24 14:00:03.589 | SUCCESS  | __main__:check_url_status:100 - URL is reachable: https://www.sentrypark.com/all-locations
2024-07-24 14:00:03.978 | SUCCESS  | __main__:check_url_status:100 - URL is reachable: https://www.park150.com/
2024-07-24 14:00:05.076 | SUCCESS  | __main__:check_url_status:100 - URL is reachable: https://www.hsw.com.au/
2024-07-24 14:00:06.178 | WARNING  | __main__:check_url_status:106 - URL returned status code 406: https://www.mtnministorage.com/
2024-07-24 14:00:06.988 | SUCCESS  | __main__:check_url_status:100 - URL is reachable: https://freedomstoragemanagement.com/locations/tx/lufkin/lufkin-climate-controlled-self-storage/
2024-07-24 14:00:08.264 | SUCCESS  | __main__:check_url_status:100 - URL is reachable: https://www.publicstorage.com/
2024-07-24 14:00:09.033 | SUCCESS  | __main__:check_url_status:100 - URL is reachable: https://www.lakeparkstorage.com/
2024-07-24 14:00:09.928 | SUCCESS  | __main__:check_url_status:100 - URL is reachable: https://www.safkeep.com/self-storage-locations/hawaii/kailua-kona-hi-storage-units/76-6201-walua-road/
2024-07-24 14:00:10.216 | WARNING  | __main__:check_url_status:106 - URL returned status code 403: https://www.extraspace.com/
2024-07-24 14:00:12.421 | SUCCESS  | __main__:check_url_status:100 - URL is reachable: https://www.devonselfstorage.com/
2024-07-24 14:00:13.443 | SUCCESS  | __main__:check_url_status:100 - URL is reachable: https://www.tmgindustrial.com/collections/storage
2024-07-24 14:00:14.421 | SUCCESS  | __main__:check_url_status:100 - URL is reachable: https://www.communitystorage.com/
2024-07-24 14:00:15.142 | SUCCESS  | __main__:check_url_status:100 - URL is reachable: https://www.theheightsselfstorage.com/
2024-07-24 14:00:15.932 | SUCCESS  | __main__:check_url_status:100 - URL is reachable: https://www.hwy63ministorage.com/
2024-07-24 14:10:44.205 | SUCCESS  | __main__:check_url_status:102 - URL is reachable: https://www.westrapidstorage.com/
2024-07-24 14:10:44.357 | WARNING  | __main__:check_url_status:108 - URL returned status code 403: https://www.rentcafe.com/storage/ca/south-san-francisco/mateo-avenue-mini-storage-1168-san-mateo-avenue/default.aspx
2024-07-24 14:10:44.701 | SUCCESS  | __main__:check_url_status:102 - URL is reachable: https://www.facebook.com/ShieldsMtnStorage/
2024-07-24 14:10:45.043 | WARNING  | __main__:check_url_status:108 - URL returned status code 403: https://www.extraspace.com/storage/facilities/us/maine/berwick/7684/
2024-07-24 14:10:45.804 | SUCCESS  | __main__:check_url_status:102 - URL is reachable: https://mystoragezone.com/
2024-07-24 14:10:46.563 | SUCCESS  | __main__:check_url_status:102 - URL is reachable: https://www.eastlongmeadowstorage.com/
2024-07-24 14:10:47.472 | SUCCESS  | __main__:check_url_status:102 - URL is reachable: https://www.sentrypark.com/all-locations
2024-07-24 14:10:47.896 | SUCCESS  | __main__:check_url_status:102 - URL is reachable: https://www.park150.com/
2024-07-24 14:10:49.082 | SUCCESS  | __main__:check_url_status:102 - URL is reachable: https://www.hsw.com.au/
2024-07-24 14:10:50.028 | WARNING  | __main__:check_url_status:108 - URL returned status code 406: https://www.mtnministorage.com/
2024-07-24 14:10:50.771 | SUCCESS  | __main__:check_url_status:102 - URL is reachable: https://freedomstoragemanagement.com/locations/tx/lufkin/lufkin-climate-controlled-self-storage/
2024-07-24 14:10:52.216 | SUCCESS  | __main__:check_url_status:102 - URL is reachable: https://www.publicstorage.com/
2024-07-24 14:10:53.507 | SUCCESS  | __main__:check_url_status:102 - URL is reachable: https://www.lakeparkstorage.com/
2024-07-24 14:10:54.243 | SUCCESS  | __main__:check_url_status:102 - URL is reachable: https://www.safkeep.com/self-storage-locations/hawaii/kailua-kona-hi-storage-units/76-6201-walua-road/
2024-07-24 14:10:54.594 | WARNING  | __main__:check_url_status:108 - URL returned status code 403: https://www.extraspace.com/
2024-07-24 14:10:56.125 | SUCCESS  | __main__:check_url_status:102 - URL is reachable: https://www.devonselfstorage.com/
2024-07-24 14:10:57.272 | SUCCESS  | __main__:check_url_status:102 - URL is reachable: https://www.tmgindustrial.com/collections/storage
2024-07-24 14:10:58.264 | SUCCESS  | __main__:check_url_status:102 - URL is reachable: https://www.communitystorage.com/
2024-07-24 14:10:58.995 | SUCCESS  | __main__:check_url_status:102 - URL is reachable: https://www.theheightsselfstorage.com/
2024-07-24 14:10:59.822 | SUCCESS  | __main__:check_url_status:102 - URL is reachable: https://www.hwy63ministorage.com/
2024-07-24 14:12:17.055 | SUCCESS  | __main__:check_url_status:102 - URL is reachable: https://www.westrapidstorage.com/
2024-07-24 14:12:17.132 | WARNING  | __main__:check_url_status:108 - URL returned status code 403: https://www.rentcafe.com/storage/ca/south-san-francisco/mateo-avenue-mini-storage-1168-san-mateo-avenue/default.aspx
2024-07-24 14:12:17.487 | SUCCESS  | __main__:check_url_status:102 - URL is reachable: https://www.facebook.com/ShieldsMtnStorage/
2024-07-24 14:12:18.044 | WARNING  | __main__:check_url_status:108 - URL returned status code 403: https://www.extraspace.com/storage/facilities/us/maine/berwick/7684/
2024-07-24 14:12:18.733 | SUCCESS  | __main__:check_url_status:102 - URL is reachable: https://mystoragezone.com/
2024-07-24 14:12:19.456 | SUCCESS  | __main__:check_url_status:102 - URL is reachable: https://www.eastlongmeadowstorage.com/
2024-07-24 14:12:20.759 | SUCCESS  | __main__:check_url_status:102 - URL is reachable: https://www.sentrypark.com/all-locations
2024-07-24 14:12:21.057 | SUCCESS  | __main__:check_url_status:102 - URL is reachable: https://www.park150.com/
2024-07-24 14:12:21.675 | SUCCESS  | __main__:check_url_status:102 - URL is reachable: https://www.hsw.com.au/
2024-07-24 14:12:23.364 | WARNING  | __main__:check_url_status:108 - URL returned status code 406: https://www.mtnministorage.com/
2024-07-24 14:12:24.090 | SUCCESS  | __main__:check_url_status:102 - URL is reachable: https://freedomstoragemanagement.com/locations/tx/lufkin/lufkin-climate-controlled-self-storage/
2024-07-24 14:12:25.600 | SUCCESS  | __main__:check_url_status:102 - URL is reachable: https://www.publicstorage.com/
2024-07-24 14:12:26.341 | SUCCESS  | __main__:check_url_status:102 - URL is reachable: https://www.lakeparkstorage.com/
2024-07-24 14:12:27.063 | SUCCESS  | __main__:check_url_status:102 - URL is reachable: https://www.safkeep.com/self-storage-locations/hawaii/kailua-kona-hi-storage-units/76-6201-walua-road/
2024-07-24 14:12:27.462 | WARNING  | __main__:check_url_status:108 - URL returned status code 403: https://www.extraspace.com/
2024-07-24 14:12:28.971 | SUCCESS  | __main__:check_url_status:102 - URL is reachable: https://www.devonselfstorage.com/
2024-07-24 14:12:29.148 | SUCCESS  | __main__:check_url_status:102 - URL is reachable: https://www.tmgindustrial.com/collections/storage
2024-07-24 14:12:30.098 | SUCCESS  | __main__:check_url_status:102 - URL is reachable: https://www.communitystorage.com/
2024-07-24 14:12:30.793 | SUCCESS  | __main__:check_url_status:102 - URL is reachable: https://www.theheightsselfstorage.com/
2024-07-24 14:12:31.573 | SUCCESS  | __main__:check_url_status:102 - URL is reachable: https://www.hwy63ministorage.com/
2024-07-24 14:13:04.924 | SUCCESS  | __main__:check_url_status:102 - URL is reachable: https://www.westrapidstorage.com/
2024-07-24 14:13:05.052 | WARNING  | __main__:check_url_status:108 - URL returned status code 403: https://www.rentcafe.com/storage/ca/south-san-francisco/mateo-avenue-mini-storage-1168-san-mateo-avenue/default.aspx
2024-07-24 14:13:05.378 | SUCCESS  | __main__:check_url_status:102 - URL is reachable: https://www.facebook.com/ShieldsMtnStorage/
2024-07-24 14:13:05.674 | WARNING  | __main__:check_url_status:108 - URL returned status code 403: https://www.extraspace.com/storage/facilities/us/maine/berwick/7684/
2024-07-24 14:13:06.383 | SUCCESS  | __main__:check_url_status:102 - URL is reachable: https://mystoragezone.com/
2024-07-24 14:13:07.033 | SUCCESS  | __main__:check_url_status:102 - URL is reachable: https://www.eastlongmeadowstorage.com/
2024-07-24 14:13:07.798 | SUCCESS  | __main__:check_url_status:102 - URL is reachable: https://www.sentrypark.com/all-locations
2024-07-24 14:13:08.123 | SUCCESS  | __main__:check_url_status:102 - URL is reachable: https://www.park150.com/
2024-07-24 14:13:08.879 | SUCCESS  | __main__:check_url_status:102 - URL is reachable: https://www.hsw.com.au/
2024-07-24 14:13:09.795 | WARNING  | __main__:check_url_status:108 - URL returned status code 406: https://www.mtnministorage.com/
2024-07-24 14:13:10.522 | SUCCESS  | __main__:check_url_status:102 - URL is reachable: https://freedomstoragemanagement.com/locations/tx/lufkin/lufkin-climate-controlled-self-storage/
2024-07-24 14:13:11.903 | SUCCESS  | __main__:check_url_status:102 - URL is reachable: https://www.publicstorage.com/
2024-07-24 14:13:12.533 | SUCCESS  | __main__:check_url_status:102 - URL is reachable: https://www.lakeparkstorage.com/
2024-07-24 14:13:13.257 | SUCCESS  | __main__:check_url_status:102 - URL is reachable: https://www.safkeep.com/self-storage-locations/hawaii/kailua-kona-hi-storage-units/76-6201-walua-road/
2024-07-24 14:13:13.584 | WARNING  | __main__:check_url_status:108 - URL returned status code 403: https://www.extraspace.com/
2024-07-24 14:13:15.533 | SUCCESS  | __main__:check_url_status:102 - URL is reachable: https://www.devonselfstorage.com/
2024-07-24 14:13:15.720 | SUCCESS  | __main__:check_url_status:102 - URL is reachable: https://www.tmgindustrial.com/collections/storage
2024-07-24 14:13:16.470 | SUCCESS  | __main__:check_url_status:102 - URL is reachable: https://www.communitystorage.com/
2024-07-24 14:13:17.115 | SUCCESS  | __main__:check_url_status:102 - URL is reachable: https://www.theheightsselfstorage.com/
2024-07-24 14:13:17.750 | SUCCESS  | __main__:check_url_status:102 - URL is reachable: https://www.hwy63ministorage.com/
2024-07-24 14:14:07.575 | SUCCESS  | __main__:check_url_status:100 - URL is reachable: https://www.westrapidstorage.com/
2024-07-24 14:14:07.697 | WARNING  | __main__:check_url_status:106 - URL returned status code 403: https://www.rentcafe.com/storage/ca/south-san-francisco/mateo-avenue-mini-storage-1168-san-mateo-avenue/default.aspx
2024-07-24 14:14:08.065 | SUCCESS  | __main__:check_url_status:100 - URL is reachable: https://www.facebook.com/ShieldsMtnStorage/
2024-07-24 14:14:08.423 | WARNING  | __main__:check_url_status:106 - URL returned status code 403: https://www.extraspace.com/storage/facilities/us/maine/berwick/7684/
2024-07-24 14:14:09.110 | SUCCESS  | __main__:check_url_status:100 - URL is reachable: https://mystoragezone.com/
2024-07-24 14:14:09.908 | SUCCESS  | __main__:check_url_status:100 - URL is reachable: https://www.eastlongmeadowstorage.com/
2024-07-24 14:14:10.788 | SUCCESS  | __main__:check_url_status:100 - URL is reachable: https://www.sentrypark.com/all-locations
2024-07-24 14:14:11.086 | SUCCESS  | __main__:check_url_status:100 - URL is reachable: https://www.park150.com/
2024-07-24 14:14:11.683 | SUCCESS  | __main__:check_url_status:100 - URL is reachable: https://www.hsw.com.au/
2024-07-24 14:14:12.463 | WARNING  | __main__:check_url_status:106 - URL returned status code 406: https://www.mtnministorage.com/
2024-07-24 14:14:13.199 | SUCCESS  | __main__:check_url_status:100 - URL is reachable: https://freedomstoragemanagement.com/locations/tx/lufkin/lufkin-climate-controlled-self-storage/
2024-07-24 14:14:14.473 | SUCCESS  | __main__:check_url_status:100 - URL is reachable: https://www.publicstorage.com/
2024-07-24 14:14:15.193 | SUCCESS  | __main__:check_url_status:100 - URL is reachable: https://www.lakeparkstorage.com/
2024-07-24 14:14:15.948 | SUCCESS  | __main__:check_url_status:100 - URL is reachable: https://www.safkeep.com/self-storage-locations/hawaii/kailua-kona-hi-storage-units/76-6201-walua-road/
2024-07-24 14:14:16.376 | WARNING  | __main__:check_url_status:106 - URL returned status code 403: https://www.extraspace.com/
2024-07-24 14:14:18.130 | SUCCESS  | __main__:check_url_status:100 - URL is reachable: https://www.devonselfstorage.com/
2024-07-24 14:14:18.372 | SUCCESS  | __main__:check_url_status:100 - URL is reachable: https://www.tmgindustrial.com/collections/storage
2024-07-24 14:14:19.174 | SUCCESS  | __main__:check_url_status:100 - URL is reachable: https://www.communitystorage.com/
2024-07-24 14:14:19.851 | SUCCESS  | __main__:check_url_status:100 - URL is reachable: https://www.theheightsselfstorage.com/
2024-07-24 14:14:20.611 | SUCCESS  | __main__:check_url_status:100 - URL is reachable: https://www.hwy63ministorage.com/
2024-07-24 14:15:12.272 | SUCCESS  | __main__:check_url_status:102 - URL is reachable: https://www.westrapidstorage.com/
2024-07-24 14:15:12.378 | WARNING  | __main__:check_url_status:108 - URL returned status code 403: https://www.rentcafe.com/storage/ca/south-san-francisco/mateo-avenue-mini-storage-1168-san-mateo-avenue/default.aspx
2024-07-24 14:15:12.698 | SUCCESS  | __main__:check_url_status:102 - URL is reachable: https://www.facebook.com/ShieldsMtnStorage/
2024-07-24 14:15:13.060 | WARNING  | __main__:check_url_status:108 - URL returned status code 403: https://www.extraspace.com/storage/facilities/us/maine/berwick/7684/
2024-07-24 14:15:13.750 | SUCCESS  | __main__:check_url_status:102 - URL is reachable: https://mystoragezone.com/
2024-07-24 14:15:14.552 | SUCCESS  | __main__:check_url_status:102 - URL is reachable: https://www.eastlongmeadowstorage.com/
2024-07-24 14:15:15.468 | SUCCESS  | __main__:check_url_status:102 - URL is reachable: https://www.sentrypark.com/all-locations
2024-07-24 14:15:15.788 | SUCCESS  | __main__:check_url_status:102 - URL is reachable: https://www.park150.com/
2024-07-24 14:15:16.399 | SUCCESS  | __main__:check_url_status:102 - URL is reachable: https://www.hsw.com.au/
2024-07-24 14:15:17.396 | WARNING  | __main__:check_url_status:108 - URL returned status code 406: https://www.mtnministorage.com/
2024-07-24 14:15:18.131 | SUCCESS  | __main__:check_url_status:102 - URL is reachable: https://freedomstoragemanagement.com/locations/tx/lufkin/lufkin-climate-controlled-self-storage/
2024-07-24 14:15:19.509 | SUCCESS  | __main__:check_url_status:102 - URL is reachable: https://www.publicstorage.com/
2024-07-24 14:15:20.203 | SUCCESS  | __main__:check_url_status:102 - URL is reachable: https://www.lakeparkstorage.com/
2024-07-24 14:15:20.935 | SUCCESS  | __main__:check_url_status:102 - URL is reachable: https://www.safkeep.com/self-storage-locations/hawaii/kailua-kona-hi-storage-units/76-6201-walua-road/
2024-07-24 14:15:21.251 | WARNING  | __main__:check_url_status:108 - URL returned status code 403: https://www.extraspace.com/
2024-07-24 14:15:26.798 | SUCCESS  | __main__:check_url_status:102 - URL is reachable: https://www.devonselfstorage.com/
2024-07-24 14:15:26.998 | SUCCESS  | __main__:check_url_status:102 - URL is reachable: https://www.tmgindustrial.com/collections/storage
2024-07-24 14:15:27.963 | SUCCESS  | __main__:check_url_status:102 - URL is reachable: https://www.communitystorage.com/
2024-07-24 14:15:28.690 | SUCCESS  | __main__:check_url_status:102 - URL is reachable: https://www.theheightsselfstorage.com/
2024-07-24 14:15:29.566 | SUCCESS  | __main__:check_url_status:102 - URL is reachable: https://www.hwy63ministorage.com/
2024-07-24 14:18:27.113 | SUCCESS  | __main__:check_url_status:100 - URL is reachable: https://www.westrapidstorage.com/
2024-07-24 14:18:27.263 | WARNING  | __main__:check_url_status:106 - URL returned status code 403: https://www.rentcafe.com/storage/ca/south-san-francisco/mateo-avenue-mini-storage-1168-san-mateo-avenue/default.aspx
2024-07-24 14:18:27.599 | SUCCESS  | __main__:check_url_status:100 - URL is reachable: https://www.facebook.com/ShieldsMtnStorage/
2024-07-24 14:18:28.120 | WARNING  | __main__:check_url_status:106 - URL returned status code 403: https://www.extraspace.com/storage/facilities/us/maine/berwick/7684/
2024-07-24 14:18:28.820 | SUCCESS  | __main__:check_url_status:100 - URL is reachable: https://mystoragezone.com/
2024-07-24 14:18:29.559 | SUCCESS  | __main__:check_url_status:100 - URL is reachable: https://www.eastlongmeadowstorage.com/
2024-07-24 14:18:30.365 | SUCCESS  | __main__:check_url_status:100 - URL is reachable: https://www.sentrypark.com/all-locations
2024-07-24 14:18:30.669 | SUCCESS  | __main__:check_url_status:100 - URL is reachable: https://www.park150.com/
2024-07-24 14:18:31.679 | SUCCESS  | __main__:check_url_status:100 - URL is reachable: https://www.hsw.com.au/
2024-07-24 14:18:32.936 | WARNING  | __main__:check_url_status:106 - URL returned status code 406: https://www.mtnministorage.com/
2024-07-24 14:18:33.660 | SUCCESS  | __main__:check_url_status:100 - URL is reachable: https://freedomstoragemanagement.com/locations/tx/lufkin/lufkin-climate-controlled-self-storage/
2024-07-24 14:18:35.032 | SUCCESS  | __main__:check_url_status:100 - URL is reachable: https://www.publicstorage.com/
2024-07-24 14:18:35.773 | SUCCESS  | __main__:check_url_status:100 - URL is reachable: https://www.lakeparkstorage.com/
2024-07-24 14:18:36.488 | SUCCESS  | __main__:check_url_status:100 - URL is reachable: https://www.safkeep.com/self-storage-locations/hawaii/kailua-kona-hi-storage-units/76-6201-walua-road/
2024-07-24 14:18:36.911 | WARNING  | __main__:check_url_status:106 - URL returned status code 403: https://www.extraspace.com/
2024-07-24 14:18:38.504 | SUCCESS  | __main__:check_url_status:100 - URL is reachable: https://www.devonselfstorage.com/
2024-07-24 14:18:38.680 | SUCCESS  | __main__:check_url_status:100 - URL is reachable: https://www.tmgindustrial.com/collections/storage
2024-07-24 14:18:39.697 | SUCCESS  | __main__:check_url_status:100 - URL is reachable: https://www.communitystorage.com/
2024-07-24 14:18:40.458 | SUCCESS  | __main__:check_url_status:100 - URL is reachable: https://www.theheightsselfstorage.com/
2024-07-24 14:18:41.186 | SUCCESS  | __main__:check_url_status:100 - URL is reachable: https://www.hwy63ministorage.com/
2024-07-24 14:23:35.723 | SUCCESS  | __main__:check_url_status:102 - URL is reachable: https://www.westrapidstorage.com/
2024-07-24 14:23:35.854 | WARNING  | __main__:check_url_status:108 - URL returned status code 403: https://www.rentcafe.com/storage/ca/south-san-francisco/mateo-avenue-mini-storage-1168-san-mateo-avenue/default.aspx
2024-07-24 14:23:36.268 | SUCCESS  | __main__:check_url_status:102 - URL is reachable: https://www.facebook.com/ShieldsMtnStorage/
2024-07-24 14:23:36.631 | WARNING  | __main__:check_url_status:108 - URL returned status code 403: https://www.extraspace.com/storage/facilities/us/maine/berwick/7684/
2024-07-24 14:23:37.401 | SUCCESS  | __main__:check_url_status:102 - URL is reachable: https://mystoragezone.com/
2024-07-24 14:23:38.163 | SUCCESS  | __main__:check_url_status:102 - URL is reachable: https://www.eastlongmeadowstorage.com/
2024-07-24 14:23:39.057 | SUCCESS  | __main__:check_url_status:102 - URL is reachable: https://www.sentrypark.com/all-locations
2024-07-24 14:23:39.448 | SUCCESS  | __main__:check_url_status:102 - URL is reachable: https://www.park150.com/
2024-07-24 14:23:40.560 | SUCCESS  | __main__:check_url_status:102 - URL is reachable: https://www.hsw.com.au/
2024-07-24 14:23:41.322 | WARNING  | __main__:check_url_status:108 - URL returned status code 406: https://www.mtnministorage.com/
2024-07-24 14:23:42.041 | SUCCESS  | __main__:check_url_status:102 - URL is reachable: https://freedomstoragemanagement.com/locations/tx/lufkin/lufkin-climate-controlled-self-storage/
2024-07-24 14:23:43.318 | SUCCESS  | __main__:check_url_status:102 - URL is reachable: https://www.publicstorage.com/
2024-07-24 14:23:44.062 | SUCCESS  | __main__:check_url_status:102 - URL is reachable: https://www.lakeparkstorage.com/
2024-07-24 14:23:44.785 | SUCCESS  | __main__:check_url_status:102 - URL is reachable: https://www.safkeep.com/self-storage-locations/hawaii/kailua-kona-hi-storage-units/76-6201-walua-road/
2024-07-24 14:23:45.119 | WARNING  | __main__:check_url_status:108 - URL returned status code 403: https://www.extraspace.com/
2024-07-24 14:23:46.744 | SUCCESS  | __main__:check_url_status:102 - URL is reachable: https://www.devonselfstorage.com/
2024-07-24 14:23:47.028 | SUCCESS  | __main__:check_url_status:102 - URL is reachable: https://www.tmgindustrial.com/collections/storage
2024-07-24 14:23:47.838 | SUCCESS  | __main__:check_url_status:102 - URL is reachable: https://www.communitystorage.com/
2024-07-24 14:23:48.723 | SUCCESS  | __main__:check_url_status:102 - URL is reachable: https://www.theheightsselfstorage.com/
2024-07-24 14:23:49.480 | SUCCESS  | __main__:check_url_status:102 - URL is reachable: https://www.hwy63ministorage.com/
2024-07-30 09:10:30.399 | ERROR    | __main__:check_urls_from_output:122 - The file output.csv does not exist.
2024-07-30 09:10:47.553 | SUCCESS  | __main__:check_url_status:102 - URL is reachable: https://www.westrapidstorage.com/
2024-07-30 09:10:47.721 | WARNING  | __main__:check_url_status:108 - URL returned status code 403: https://www.rentcafe.com/storage/ca/south-san-francisco/mateo-avenue-mini-storage-1168-san-mateo-avenue/default.aspx
2024-07-30 09:10:48.181 | SUCCESS  | __main__:check_url_status:102 - URL is reachable: https://www.facebook.com/ShieldsMtnStorage/
2024-07-30 09:10:48.717 | WARNING  | __main__:check_url_status:108 - URL returned status code 403: https://www.extraspace.com/storage/facilities/us/maine/berwick/7684/
2024-07-30 09:10:49.498 | SUCCESS  | __main__:check_url_status:102 - URL is reachable: https://mystoragezone.com/
2024-07-30 09:10:50.253 | SUCCESS  | __main__:check_url_status:102 - URL is reachable: https://www.eastlongmeadowstorage.com/
2024-07-30 09:10:51.549 | SUCCESS  | __main__:check_url_status:102 - URL is reachable: https://www.sentrypark.com/all-locations
2024-07-30 09:10:51.981 | SUCCESS  | __main__:check_url_status:102 - URL is reachable: https://www.park150.com/
2024-07-30 09:10:53.086 | SUCCESS  | __main__:check_url_status:102 - URL is reachable: https://www.hsw.com.au/
2024-07-30 09:10:53.755 | WARNING  | __main__:check_url_status:108 - URL returned status code 406: https://www.mtnministorage.com/
2024-07-30 09:10:54.541 | SUCCESS  | __main__:check_url_status:102 - URL is reachable: https://freedomstoragemanagement.com/locations/tx/lufkin/lufkin-climate-controlled-self-storage/
2024-07-30 09:10:55.789 | SUCCESS  | __main__:check_url_status:102 - URL is reachable: https://www.publicstorage.com/
2024-07-30 09:10:56.652 | SUCCESS  | __main__:check_url_status:102 - URL is reachable: https://www.lakeparkstorage.com/
2024-07-30 09:10:57.519 | SUCCESS  | __main__:check_url_status:102 - URL is reachable: https://www.safkeep.com/self-storage-locations/hawaii/kailua-kona-hi-storage-units/76-6201-walua-road/
2024-07-30 09:10:58.002 | WARNING  | __main__:check_url_status:108 - URL returned status code 403: https://www.extraspace.com/
2024-07-30 09:10:58.773 | SUCCESS  | __main__:check_url_status:102 - URL is reachable: https://www.devonselfstorage.com/
2024-07-30 09:10:59.808 | SUCCESS  | __main__:check_url_status:102 - URL is reachable: https://www.tmgindustrial.com/collections/storage
2024-07-30 09:11:01.312 | SUCCESS  | __main__:check_url_status:102 - URL is reachable: https://www.communitystorage.com/
2024-07-30 09:11:02.289 | SUCCESS  | __main__:check_url_status:102 - URL is reachable: https://www.theheightsselfstorage.com/
2024-07-30 09:11:03.060 | SUCCESS  | __main__:check_url_status:102 - URL is reachable: https://www.hwy63ministorage.com/
2024-07-30 09:11:15.348 | INFO     | __main__:search_and_save_urls_requests:75 - Searching URL: https://www.google.com/search?q=++++WEST+RAPID+STORAGE+UNITS
2024-07-30 09:11:17.069 | SUCCESS  | __main__:search_and_save_urls_requests:87 - Found URL: https://www.westrapidstorage.com/
2024-07-30 09:11:17.069 | INFO     | __main__:search_and_save_urls_requests:75 - Searching URL: https://www.google.com/search?q=++++'MATEO+AVENUE+MINI-STORAGE
2024-07-30 09:11:18.963 | SUCCESS  | __main__:search_and_save_urls_requests:87 - Found URL: https://www.rentcafe.com/storage/ca/south-san-francisco/mateo-avenue-mini-storage-1168-san-mateo-avenue/default.aspx
2024-07-30 09:11:18.964 | INFO     | __main__:search_and_save_urls_requests:75 - Searching URL: https://www.google.com/search?q=++++'SHIELDS+MOUNTAIN+MINI+STORAGE
2024-07-30 09:11:20.680 | SUCCESS  | __main__:search_and_save_urls_requests:87 - Found URL: https://www.facebook.com/ShieldsMtnStorage/
2024-07-30 09:11:20.681 | INFO     | __main__:search_and_save_urls_requests:75 - Searching URL: https://www.google.com/search?q=++++'BERWICK+SELF+STORAGE+AT+560+PORTLAND+ST
2024-07-30 09:11:22.553 | SUCCESS  | __main__:search_and_save_urls_requests:87 - Found URL: https://www.extraspace.com/storage/facilities/us/maine/berwick/7684/
2024-07-30 09:11:22.553 | INFO     | __main__:search_and_save_urls_requests:75 - Searching URL: https://www.google.com/search?q=++++'STORAGE+ZONE+SELF+STORAGE+AND+BUSINESS+CENTERS
2024-07-30 09:11:23.962 | SUCCESS  | __main__:search_and_save_urls_requests:87 - Found URL: https://mystoragezone.com/
2024-07-30 09:11:23.963 | INFO     | __main__:search_and_save_urls_requests:75 - Searching URL: https://www.google.com/search?q=++++'East+Longmeadow+Self+Storage
2024-07-30 09:11:25.530 | SUCCESS  | __main__:search_and_save_urls_requests:87 - Found URL: https://www.eastlongmeadowstorage.com/
2024-07-30 09:11:25.530 | INFO     | __main__:search_and_save_urls_requests:75 - Searching URL: https://www.google.com/search?q=++++'Agate+Road+Mini+Storage+&+Rv
2024-07-30 09:11:27.235 | SUCCESS  | __main__:search_and_save_urls_requests:87 - Found URL: https://www.sentrypark.com/all-locations
2024-07-30 09:11:27.236 | INFO     | __main__:search_and_save_urls_requests:75 - Searching URL: https://www.google.com/search?q=++++'Park+150+Self+Service+Storage
2024-07-30 09:11:28.844 | SUCCESS  | __main__:search_and_save_urls_requests:87 - Found URL: https://www.park150.com/
2024-07-30 09:11:28.845 | INFO     | __main__:search_and_save_urls_requests:75 - Searching URL: https://www.google.com/search?q=++++'STORAGE+WORLD
2024-07-30 09:11:29.652 | SUCCESS  | __main__:search_and_save_urls_requests:87 - Found URL: https://storageworld.co.uk/
2024-07-30 09:11:29.652 | INFO     | __main__:search_and_save_urls_requests:75 - Searching URL: https://www.google.com/search?q=++++'Mountain+Mini+Storage
2024-07-30 09:11:31.053 | SUCCESS  | __main__:search_and_save_urls_requests:87 - Found URL: https://www.mtnministorage.com/
2024-07-30 09:11:31.053 | INFO     | __main__:search_and_save_urls_requests:75 - Searching URL: https://www.google.com/search?q=++++'Lufkin+Climate+Controlled+Storage
2024-07-30 09:11:33.061 | SUCCESS  | __main__:search_and_save_urls_requests:87 - Found URL: https://freedomstoragemanagement.com/locations/tx/lufkin/lufkin-climate-controlled-self-storage/
2024-07-30 09:11:33.062 | INFO     | __main__:search_and_save_urls_requests:75 - Searching URL: https://www.google.com/search?q=++++'PUBLIC+STORAGE
2024-07-30 09:11:34.551 | SUCCESS  | __main__:search_and_save_urls_requests:87 - Found URL: https://www.publicstorage.com/
2024-07-30 09:11:34.552 | INFO     | __main__:search_and_save_urls_requests:75 - Searching URL: https://www.google.com/search?q=++++'Lake+Park+Self+Storage
2024-07-30 09:11:35.981 | SUCCESS  | __main__:search_and_save_urls_requests:87 - Found URL: https://www.lakeparkstorage.com/
2024-07-30 09:11:35.982 | INFO     | __main__:search_and_save_urls_requests:75 - Searching URL: https://www.google.com/search?q=++++'Power+Self+Storage+-+Kuakini
2024-07-30 09:11:37.817 | SUCCESS  | __main__:search_and_save_urls_requests:87 - Found URL: https://www.safkeep.com/self-storage-locations/hawaii/kailua-kona-hi-storage-units/76-6201-walua-road/
2024-07-30 09:11:37.818 | INFO     | __main__:search_and_save_urls_requests:75 - Searching URL: https://www.google.com/search?q=++++'Extra+Space+Storage
2024-07-30 09:11:38.707 | SUCCESS  | __main__:search_and_save_urls_requests:87 - Found URL: https://www.extraspace.com/
2024-07-30 09:11:38.708 | INFO     | __main__:search_and_save_urls_requests:75 - Searching URL: https://www.google.com/search?q=++++'Devon+Self+Storage
2024-07-30 09:11:39.627 | SUCCESS  | __main__:search_and_save_urls_requests:87 - Found URL: https://www.devonselfstorage.com/
2024-07-30 09:11:39.628 | INFO     | __main__:search_and_save_urls_requests:75 - Searching URL: https://www.google.com/search?q=++++'Tmg+Storage+Units
2024-07-30 09:11:41.272 | SUCCESS  | __main__:search_and_save_urls_requests:87 - Found URL: https://www.tmgindustrial.com/collections/storage?srsltid=AfmBOop5YDi1r2aMBsvBt1nPowDSGKduedFxFb1buJKiOU9huM4QK_Lf
2024-07-30 09:11:41.273 | INFO     | __main__:search_and_save_urls_requests:75 - Searching URL: https://www.google.com/search?q=++++'Comstor+Self+Storage++Russells+Point
2024-07-30 09:11:42.552 | SUCCESS  | __main__:search_and_save_urls_requests:87 - Found URL: https://www.communitystorage.com/
2024-07-30 09:11:42.552 | INFO     | __main__:search_and_save_urls_requests:75 - Searching URL: https://www.google.com/search?q=++++'HEIGHTS+SELF+STORAGE
2024-07-30 09:11:43.908 | SUCCESS  | __main__:search_and_save_urls_requests:87 - Found URL: https://www.theheightsselfstorage.com/
2024-07-30 09:11:43.909 | INFO     | __main__:search_and_save_urls_requests:75 - Searching URL: https://www.google.com/search?q=++++'HIGHWAY+63+MINI+STORAGE
2024-07-30 09:11:45.421 | SUCCESS  | __main__:search_and_save_urls_requests:87 - Found URL: https://www.hwy63ministorage.com/
2024-07-30 09:19:21.299 | SUCCESS  | __main__:check_url_status:100 - URL is reachable: https://www.westrapidstorage.com/
2024-07-30 09:19:21.457 | WARNING  | __main__:check_url_status:106 - URL returned status code 403: https://www.rentcafe.com/storage/ca/south-san-francisco/mateo-avenue-mini-storage-1168-san-mateo-avenue/default.aspx
2024-07-30 09:19:21.811 | SUCCESS  | __main__:check_url_status:100 - URL is reachable: https://www.facebook.com/ShieldsMtnStorage/
2024-07-30 09:19:22.170 | WARNING  | __main__:check_url_status:106 - URL returned status code 403: https://www.extraspace.com/storage/facilities/us/maine/berwick/7684/
2024-07-30 09:19:22.869 | SUCCESS  | __main__:check_url_status:100 - URL is reachable: https://mystoragezone.com/
2024-07-30 09:19:23.660 | SUCCESS  | __main__:check_url_status:100 - URL is reachable: https://www.eastlongmeadowstorage.com/
2024-07-30 09:19:24.460 | SUCCESS  | __main__:check_url_status:100 - URL is reachable: https://www.sentrypark.com/all-locations
2024-07-30 09:19:24.768 | SUCCESS  | __main__:check_url_status:100 - URL is reachable: https://www.park150.com/
2024-07-30 09:19:25.048 | WARNING  | __main__:check_url_status:106 - URL returned status code 403: https://storageworld.co.uk/
2024-07-30 09:19:25.750 | WARNING  | __main__:check_url_status:106 - URL returned status code 406: https://www.mtnministorage.com/
2024-07-30 09:19:26.543 | SUCCESS  | __main__:check_url_status:100 - URL is reachable: https://freedomstoragemanagement.com/locations/tx/lufkin/lufkin-climate-controlled-self-storage/
2024-07-30 09:19:27.874 | SUCCESS  | __main__:check_url_status:100 - URL is reachable: https://www.publicstorage.com/
2024-07-30 09:19:28.743 | SUCCESS  | __main__:check_url_status:100 - URL is reachable: https://www.lakeparkstorage.com/
2024-07-30 09:19:29.511 | SUCCESS  | __main__:check_url_status:100 - URL is reachable: https://www.safkeep.com/self-storage-locations/hawaii/kailua-kona-hi-storage-units/76-6201-walua-road/
2024-07-30 09:19:30.017 | WARNING  | __main__:check_url_status:106 - URL returned status code 403: https://www.extraspace.com/
2024-07-30 09:19:30.715 | SUCCESS  | __main__:check_url_status:100 - URL is reachable: https://www.devonselfstorage.com/
2024-07-30 09:19:30.946 | SUCCESS  | __main__:check_url_status:100 - URL is reachable: https://www.tmgindustrial.com/collections/storage?srsltid=AfmBOop5YDi1r2aMBsvBt1nPowDSGKduedFxFb1buJKiOU9huM4QK_Lf
2024-07-30 09:19:31.765 | SUCCESS  | __main__:check_url_status:100 - URL is reachable: https://www.communitystorage.com/
2024-07-30 09:19:32.500 | SUCCESS  | __main__:check_url_status:100 - URL is reachable: https://www.theheightsselfstorage.com/
2024-07-30 09:19:33.325 | SUCCESS  | __main__:check_url_status:100 - URL is reachable: https://www.hwy63ministorage.com/
2024-07-30 09:19:52.701 | INFO     | __main__:search_and_save_urls_requests:74 - Searching URL: https://www.google.com/search?q=++++WEST+RAPID+STORAGE+UNITS
2024-07-30 09:19:53.639 | SUCCESS  | __main__:search_and_save_urls_requests:86 - Found URL: https://www.westrapidstorage.com/
2024-07-30 09:19:53.640 | INFO     | __main__:search_and_save_urls_requests:74 - Searching URL: https://www.google.com/search?q=++++'MATEO+AVENUE+MINI-STORAGE
2024-07-30 09:19:54.597 | SUCCESS  | __main__:search_and_save_urls_requests:86 - Found URL: https://www.rentcafe.com/storage/ca/south-san-francisco/mateo-avenue-mini-storage-1168-san-mateo-avenue/default.aspx
2024-07-30 09:19:54.598 | INFO     | __main__:search_and_save_urls_requests:74 - Searching URL: https://www.google.com/search?q=++++'SHIELDS+MOUNTAIN+MINI+STORAGE
2024-07-30 09:19:55.553 | SUCCESS  | __main__:search_and_save_urls_requests:86 - Found URL: https://www.facebook.com/ShieldsMtnStorage/
2024-07-30 09:19:55.554 | INFO     | __main__:search_and_save_urls_requests:74 - Searching URL: https://www.google.com/search?q=++++'BERWICK+SELF+STORAGE+AT+560+PORTLAND+ST
2024-07-30 09:19:56.675 | SUCCESS  | __main__:search_and_save_urls_requests:86 - Found URL: https://www.extraspace.com/storage/facilities/us/maine/berwick/7684/
2024-07-30 09:19:56.676 | INFO     | __main__:search_and_save_urls_requests:74 - Searching URL: https://www.google.com/search?q=++++'STORAGE+ZONE+SELF+STORAGE+AND+BUSINESS+CENTERS
2024-07-30 09:19:57.456 | SUCCESS  | __main__:search_and_save_urls_requests:86 - Found URL: https://mystoragezone.com/
2024-07-30 09:19:57.457 | INFO     | __main__:search_and_save_urls_requests:74 - Searching URL: https://www.google.com/search?q=++++'East+Longmeadow+Self+Storage
2024-07-30 09:19:58.368 | SUCCESS  | __main__:search_and_save_urls_requests:86 - Found URL: https://www.eastlongmeadowstorage.com/
2024-07-30 09:19:58.369 | INFO     | __main__:search_and_save_urls_requests:74 - Searching URL: https://www.google.com/search?q=++++'Agate+Road+Mini+Storage+&+Rv
2024-07-30 09:19:59.239 | SUCCESS  | __main__:search_and_save_urls_requests:86 - Found URL: https://www.sentrypark.com/all-locations
2024-07-30 09:19:59.240 | INFO     | __main__:search_and_save_urls_requests:74 - Searching URL: https://www.google.com/search?q=++++'Park+150+Self+Service+Storage
2024-07-30 09:20:00.230 | SUCCESS  | __main__:search_and_save_urls_requests:86 - Found URL: https://www.park150.com/
2024-07-30 09:20:00.230 | INFO     | __main__:search_and_save_urls_requests:74 - Searching URL: https://www.google.com/search?q=++++'STORAGE+WORLD
2024-07-30 09:20:01.029 | SUCCESS  | __main__:search_and_save_urls_requests:86 - Found URL: https://www.hsw.com.au/
2024-07-30 09:20:01.030 | INFO     | __main__:search_and_save_urls_requests:74 - Searching URL: https://www.google.com/search?q=++++'Mountain+Mini+Storage
2024-07-30 09:20:01.794 | SUCCESS  | __main__:search_and_save_urls_requests:86 - Found URL: https://www.mtnministorage.com/
2024-07-30 09:20:01.794 | INFO     | __main__:search_and_save_urls_requests:74 - Searching URL: https://www.google.com/search?q=++++'Lufkin+Climate+Controlled+Storage
2024-07-30 09:20:02.700 | SUCCESS  | __main__:search_and_save_urls_requests:86 - Found URL: https://freedomstoragemanagement.com/locations/tx/lufkin/lufkin-climate-controlled-self-storage/
2024-07-30 09:20:02.700 | INFO     | __main__:search_and_save_urls_requests:74 - Searching URL: https://www.google.com/search?q=++++'PUBLIC+STORAGE
2024-07-30 09:20:03.593 | SUCCESS  | __main__:search_and_save_urls_requests:86 - Found URL: https://www.publicstorage.com/
2024-07-30 09:20:03.594 | INFO     | __main__:search_and_save_urls_requests:74 - Searching URL: https://www.google.com/search?q=++++'Lake+Park+Self+Storage
2024-07-30 09:20:04.316 | SUCCESS  | __main__:search_and_save_urls_requests:86 - Found URL: https://www.lakeparkstorage.com/
2024-07-30 09:20:04.317 | INFO     | __main__:search_and_save_urls_requests:74 - Searching URL: https://www.google.com/search?q=++++'Power+Self+Storage+-+Kuakini
2024-07-30 09:20:05.240 | SUCCESS  | __main__:search_and_save_urls_requests:86 - Found URL: https://www.safkeep.com/self-storage-locations/hawaii/kailua-kona-hi-storage-units/76-6201-walua-road/
2024-07-30 09:20:05.241 | INFO     | __main__:search_and_save_urls_requests:74 - Searching URL: https://www.google.com/search?q=++++'Extra+Space+Storage
2024-07-30 09:20:06.063 | SUCCESS  | __main__:search_and_save_urls_requests:86 - Found URL: https://www.extraspace.com/
2024-07-30 09:20:06.064 | INFO     | __main__:search_and_save_urls_requests:74 - Searching URL: https://www.google.com/search?q=++++'Devon+Self+Storage
2024-07-30 09:20:06.826 | SUCCESS  | __main__:search_and_save_urls_requests:86 - Found URL: https://www.devonselfstorage.com/
2024-07-30 09:20:06.826 | INFO     | __main__:search_and_save_urls_requests:74 - Searching URL: https://www.google.com/search?q=++++'Tmg+Storage+Units
2024-07-30 09:20:07.629 | SUCCESS  | __main__:search_and_save_urls_requests:86 - Found URL: https://www.tmgindustrial.com/collections/storage
2024-07-30 09:20:07.630 | INFO     | __main__:search_and_save_urls_requests:74 - Searching URL: https://www.google.com/search?q=++++'Comstor+Self+Storage++Russells+Point
2024-07-30 09:20:08.519 | SUCCESS  | __main__:search_and_save_urls_requests:86 - Found URL: https://www.communitystorage.com/
2024-07-30 09:20:08.520 | INFO     | __main__:search_and_save_urls_requests:74 - Searching URL: https://www.google.com/search?q=++++'HEIGHTS+SELF+STORAGE
2024-07-30 09:20:09.259 | SUCCESS  | __main__:search_and_save_urls_requests:86 - Found URL: https://www.theheightsselfstorage.com/
2024-07-30 09:20:09.259 | INFO     | __main__:search_and_save_urls_requests:74 - Searching URL: https://www.google.com/search?q=++++'HIGHWAY+63+MINI+STORAGE
2024-07-30 09:20:10.173 | SUCCESS  | __main__:search_and_save_urls_requests:86 - Found URL: https://www.hwy63ministorage.com/
